  Bullet.cpp
C:\Users\sinzato shuto\Desktop\PG2-4_-\PG2-4_シューティング課題\PG2-4_シューティング課題\Bullet.cpp(39,56): warning C4244: '引数': 'float' から 'int' への変換です。データが失われる可能性があります。
C:\Users\sinzato shuto\Desktop\PG2-4_-\PG2-4_シューティング課題\PG2-4_シューティング課題\Bullet.cpp(39,43): warning C4244: '引数': 'float' から 'int' への変換です。データが失われる可能性があります。
C:\Users\sinzato shuto\Desktop\PG2-4_-\PG2-4_シューティング課題\PG2-4_シューティング課題\Bullet.cpp(39,26): warning C4244: '引数': 'float' から 'int' への変換です。データが失われる可能性があります。
  BulletBase.cpp
  CharaBase.cpp
  Enemy.cpp
C:\Users\sinzato shuto\Desktop\PG2-4_-\PG2-4_シューティング課題\PG2-4_シューティング課題\Enemy.cpp(91,56): warning C4244: '引数': 'float' から 'int' への変換です。データが失われる可能性があります。
C:\Users\sinzato shuto\Desktop\PG2-4_-\PG2-4_シューティング課題\PG2-4_シューティング課題\Enemy.cpp(91,43): warning C4244: '引数': 'float' から 'int' への変換です。データが失われる可能性があります。
C:\Users\sinzato shuto\Desktop\PG2-4_-\PG2-4_シューティング課題\PG2-4_シューティング課題\Enemy.cpp(91,26): warning C4244: '引数': 'float' から 'int' への変換です。データが失われる可能性があります。
  EnemyBullet.cpp
C:\Users\sinzato shuto\Desktop\PG2-4_-\PG2-4_シューティング課題\PG2-4_シューティング課題\EnemyBullet.cpp(21,56): warning C4244: '引数': 'float' から 'int' への変換です。データが失われる可能性があります。
C:\Users\sinzato shuto\Desktop\PG2-4_-\PG2-4_シューティング課題\PG2-4_シューティング課題\EnemyBullet.cpp(21,43): warning C4244: '引数': 'float' から 'int' への変換です。データが失われる可能性があります。
C:\Users\sinzato shuto\Desktop\PG2-4_-\PG2-4_シューティング課題\PG2-4_シューティング課題\EnemyBullet.cpp(21,26): warning C4244: '引数': 'float' から 'int' への変換です。データが失われる可能性があります。
  GameMain.cpp
  Player.cpp
C:\Users\sinzato shuto\Desktop\PG2-4_-\PG2-4_シューティング課題\PG2-4_シューティング課題\Player.cpp(97,56): warning C4244: '引数': 'float' から 'int' への変換です。データが失われる可能性があります。
C:\Users\sinzato shuto\Desktop\PG2-4_-\PG2-4_シューティング課題\PG2-4_シューティング課題\Player.cpp(97,43): warning C4244: '引数': 'float' から 'int' への変換です。データが失われる可能性があります。
C:\Users\sinzato shuto\Desktop\PG2-4_-\PG2-4_シューティング課題\PG2-4_シューティング課題\Player.cpp(97,26): warning C4244: '引数': 'float' から 'int' への変換です。データが失われる可能性があります。
  shooter.cpp
  コードを生成中...
  PG2-4_シューティング課題.vcxproj -> C:\Users\sinzato shuto\Desktop\PG2-4_-\PG2-4_シューティング課題\x64\Debug\PG2-4_シューティング課題.exe
